<soapui-project name="integration test" resourceRoot="" xmlns="http://eviware.com/soapui/config" xmlns:xsi="http://www.w3.org/2001/XMLSchema-instance">
  <settings/>
  <interface xsi:type="con:WsdlInterface" wsaVersion="NONE" name="AirportImplPortBinding" type="wsdl" bindingName="{http://scn2.wp6.thalesgroup.choreos.ow2.org/}AirportImplPortBinding" soapVersion="1_1" anonymous="optional" definition="file:/Users/danielefani/Documents/workspace/eclipse/Mars/VVframework/Dynamic-Verification-of-Service-Based-Systems/ParTes/Partes%20WS%20test%20generator/TestSuiteExamples/Friendly_Passenger%20Airport/WSDL/Airport.wsdl" xmlns:con="http://eviware.com/soapui/config">
    <settings/>
    <definitionCache type="TEXT" rootPart="file:/Users/danielefani/Documents/workspace/eclipse/Mars/VVframework/Dynamic-Verification-of-Service-Based-Systems/ParTes/Partes%20WS%20test%20generator/TestSuiteExamples/Friendly_Passenger%20Airport/WSDL/Airport.wsdl">
      <part>
        <url>file:/Users/danielefani/Documents/workspace/eclipse/Mars/VVframework/Dynamic-Verification-of-Service-Based-Systems/ParTes/Partes%20WS%20test%20generator/TestSuiteExamples/Friendly_Passenger%20Airport/WSDL/Airport.wsdl</url>
        <content><![CDATA[<!--Published by JAX-WS RI at http://jax-ws.dev.java.net. RI's version is JAX-WS RI 2.2-12/14/2009 02:16 PM(ramkris)-.-->
<!--Generated by JAX-WS RI at http://jax-ws.dev.java.net. RI's version is JAX-WS RI 2.2-12/14/2009 02:16 PM(ramkris)-.-->
<definitions name="AirportImplService" targetNamespace="http://scn2.wp6.thalesgroup.choreos.ow2.org/" xmlns="http://schemas.xmlsoap.org/wsdl/" xmlns:soap="http://schemas.xmlsoap.org/wsdl/soap/" xmlns:tns="http://scn2.wp6.thalesgroup.choreos.ow2.org/" xmlns:wsam="http://www.w3.org/2007/05/addressing/metadata" xmlns:wsp="http://www.w3.org/ns/ws-policy" xmlns:wsp1_2="http://schemas.xmlsoap.org/ws/2004/09/policy" xmlns:wsu="http://docs.oasis-open.org/wss/2004/01/oasis-200401-wss-wssecurity-utility-1.0.xsd" xmlns:xsd="http://www.w3.org/2001/XMLSchema">
  <types>
    <xs:schema targetNamespace="http://scn2.wp6.thalesgroup.choreos.ow2.org/" version="1.0" xmlns:xs="http://www.w3.org/2001/XMLSchema">
      <xs:element name="confirmApproach" type="tns:confirmApproach"/>
      <xs:element name="confirmApproachResponse" type="tns:confirmApproachResponse"/>
      <xs:element name="getAvailableAmenities" type="tns:getAvailableAmenities"/>
      <xs:element name="getAvailableAmenitiesResponse" type="tns:getAvailableAmenitiesResponse"/>
      <xs:element name="getBusConfirmation" type="tns:getBusConfirmation"/>
      <xs:element name="getBusConfirmationResponse" type="tns:getBusConfirmationResponse"/>
      <xs:element name="getLuggageConfirmation" type="tns:getLuggageConfirmation"/>
      <xs:element name="getLuggageConfirmationResponse" type="tns:getLuggageConfirmationResponse"/>
      <xs:element name="getSecurityConfirmation" type="tns:getSecurityConfirmation"/>
      <xs:element name="getSecurityConfirmationResponse" type="tns:getSecurityConfirmationResponse"/>
      <xs:element name="reportPassengersPassedThrough" type="tns:reportPassengersPassedThrough"/>
      <xs:element name="reportPassengersPassedThroughResponse" type="tns:reportPassengersPassedThroughResponse"/>
      <xs:element name="requestAmenities" type="tns:requestAmenities"/>
      <xs:element name="requestAmenitiesResponse" type="tns:requestAmenitiesResponse"/>
      <xs:element name="sendRerouteWarning" type="tns:sendRerouteWarning"/>
      <xs:element name="sendRerouteWarningResponse" type="tns:sendRerouteWarningResponse"/>
      <xs:element name="setInvocationAddress" type="tns:setInvocationAddress"/>
      <xs:element name="setInvocationAddressResponse" type="tns:setInvocationAddressResponse"/>
      <xs:complexType name="getSecurityConfirmation">
        <xs:sequence/>
      </xs:complexType>
      <xs:complexType name="getSecurityConfirmationResponse">
        <xs:sequence/>
      </xs:complexType>
      <xs:complexType name="getLuggageConfirmation">
        <xs:sequence/>
      </xs:complexType>
      <xs:complexType name="getLuggageConfirmationResponse">
        <xs:sequence/>
      </xs:complexType>
      <xs:complexType name="requestAmenities">
        <xs:sequence/>
      </xs:complexType>
      <xs:complexType name="requestAmenitiesResponse">
        <xs:sequence/>
      </xs:complexType>
      <xs:complexType name="sendRerouteWarning">
        <xs:sequence/>
      </xs:complexType>
      <xs:complexType name="sendRerouteWarningResponse">
        <xs:sequence/>
      </xs:complexType>
      <xs:complexType name="getAvailableAmenities">
        <xs:sequence/>
      </xs:complexType>
      <xs:complexType name="getAvailableAmenitiesResponse">
        <xs:sequence/>
      </xs:complexType>
      <xs:complexType name="confirmApproach">
        <xs:sequence/>
      </xs:complexType>
      <xs:complexType name="confirmApproachResponse">
        <xs:sequence/>
      </xs:complexType>
      <xs:complexType name="reportPassengersPassedThrough">
        <xs:sequence/>
      </xs:complexType>
      <xs:complexType name="reportPassengersPassedThroughResponse">
        <xs:sequence/>
      </xs:complexType>
      <xs:complexType name="setInvocationAddress">
        <xs:sequence>
          <xs:element minOccurs="0" name="role" type="xs:string"/>
          <xs:element minOccurs="0" name="name" type="xs:string"/>
          <xs:element maxOccurs="unbounded" minOccurs="0" name="endpoints" type="xs:string"/>
        </xs:sequence>
      </xs:complexType>
      <xs:complexType name="setInvocationAddressResponse">
        <xs:sequence/>
      </xs:complexType>
      <xs:complexType name="getBusConfirmation">
        <xs:sequence/>
      </xs:complexType>
      <xs:complexType name="getBusConfirmationResponse">
        <xs:sequence/>
      </xs:complexType>
    </xs:schema>
  </types>
  <message name="sendRerouteWarning">
    <part element="tns:sendRerouteWarning" name="parameters"/>
  </message>
  <message name="sendRerouteWarningResponse">
    <part element="tns:sendRerouteWarningResponse" name="parameters"/>
  </message>
  <message name="requestAmenities">
    <part element="tns:requestAmenities" name="parameters"/>
  </message>
  <message name="requestAmenitiesResponse">
    <part element="tns:requestAmenitiesResponse" name="parameters"/>
  </message>
  <message name="confirmApproach">
    <part element="tns:confirmApproach" name="parameters"/>
  </message>
  <message name="confirmApproachResponse">
    <part element="tns:confirmApproachResponse" name="parameters"/>
  </message>
  <message name="reportPassengersPassedThrough">
    <part element="tns:reportPassengersPassedThrough" name="parameters"/>
  </message>
  <message name="reportPassengersPassedThroughResponse">
    <part element="tns:reportPassengersPassedThroughResponse" name="parameters"/>
  </message>
  <message name="getLuggageConfirmation">
    <part element="tns:getLuggageConfirmation" name="parameters"/>
  </message>
  <message name="getLuggageConfirmationResponse">
    <part element="tns:getLuggageConfirmationResponse" name="parameters"/>
  </message>
  <message name="getSecurityConfirmation">
    <part element="tns:getSecurityConfirmation" name="parameters"/>
  </message>
  <message name="getSecurityConfirmationResponse">
    <part element="tns:getSecurityConfirmationResponse" name="parameters"/>
  </message>
  <message name="getBusConfirmation">
    <part element="tns:getBusConfirmation" name="parameters"/>
  </message>
  <message name="getBusConfirmationResponse">
    <part element="tns:getBusConfirmationResponse" name="parameters"/>
  </message>
  <message name="getAvailableAmenities">
    <part element="tns:getAvailableAmenities" name="parameters"/>
  </message>
  <message name="getAvailableAmenitiesResponse">
    <part element="tns:getAvailableAmenitiesResponse" name="parameters"/>
  </message>
  <message name="setInvocationAddress">
    <part element="tns:setInvocationAddress" name="parameters"/>
  </message>
  <message name="setInvocationAddressResponse">
    <part element="tns:setInvocationAddressResponse" name="parameters"/>
  </message>
  <portType name="IAirport">
    <operation name="sendRerouteWarning">
      <input message="tns:sendRerouteWarning" wsam:Action="http://scn2.wp6.thalesgroup.choreos.ow2.org/IAirport/sendRerouteWarningRequest"/>
      <output message="tns:sendRerouteWarningResponse" wsam:Action="http://scn2.wp6.thalesgroup.choreos.ow2.org/IAirport/sendRerouteWarningResponse"/>
    </operation>
    <operation name="requestAmenities">
      <input message="tns:requestAmenities" wsam:Action="http://scn2.wp6.thalesgroup.choreos.ow2.org/IAirport/requestAmenitiesRequest"/>
      <output message="tns:requestAmenitiesResponse" wsam:Action="http://scn2.wp6.thalesgroup.choreos.ow2.org/IAirport/requestAmenitiesResponse"/>
    </operation>
    <operation name="confirmApproach">
      <input message="tns:confirmApproach" wsam:Action="http://scn2.wp6.thalesgroup.choreos.ow2.org/IAirport/confirmApproachRequest"/>
      <output message="tns:confirmApproachResponse" wsam:Action="http://scn2.wp6.thalesgroup.choreos.ow2.org/IAirport/confirmApproachResponse"/>
    </operation>
    <operation name="reportPassengersPassedThrough">
      <input message="tns:reportPassengersPassedThrough" wsam:Action="http://scn2.wp6.thalesgroup.choreos.ow2.org/IAirport/reportPassengersPassedThroughRequest"/>
      <output message="tns:reportPassengersPassedThroughResponse" wsam:Action="http://scn2.wp6.thalesgroup.choreos.ow2.org/IAirport/reportPassengersPassedThroughResponse"/>
    </operation>
    <operation name="getLuggageConfirmation">
      <input message="tns:getLuggageConfirmation" wsam:Action="http://scn2.wp6.thalesgroup.choreos.ow2.org/IAirport/getLuggageConfirmationRequest"/>
      <output message="tns:getLuggageConfirmationResponse" wsam:Action="http://scn2.wp6.thalesgroup.choreos.ow2.org/IAirport/getLuggageConfirmationResponse"/>
    </operation>
    <operation name="getSecurityConfirmation">
      <input message="tns:getSecurityConfirmation" wsam:Action="http://scn2.wp6.thalesgroup.choreos.ow2.org/IAirport/getSecurityConfirmationRequest"/>
      <output message="tns:getSecurityConfirmationResponse" wsam:Action="http://scn2.wp6.thalesgroup.choreos.ow2.org/IAirport/getSecurityConfirmationResponse"/>
    </operation>
    <operation name="getBusConfirmation">
      <input message="tns:getBusConfirmation" wsam:Action="http://scn2.wp6.thalesgroup.choreos.ow2.org/IAirport/getBusConfirmationRequest"/>
      <output message="tns:getBusConfirmationResponse" wsam:Action="http://scn2.wp6.thalesgroup.choreos.ow2.org/IAirport/getBusConfirmationResponse"/>
    </operation>
    <operation name="getAvailableAmenities">
      <input message="tns:getAvailableAmenities" wsam:Action="http://scn2.wp6.thalesgroup.choreos.ow2.org/IAirport/getAvailableAmenitiesRequest"/>
      <output message="tns:getAvailableAmenitiesResponse" wsam:Action="http://scn2.wp6.thalesgroup.choreos.ow2.org/IAirport/getAvailableAmenitiesResponse"/>
    </operation>
    <operation name="setInvocationAddress">
      <input message="tns:setInvocationAddress" wsam:Action="http://scn2.wp6.thalesgroup.choreos.ow2.org/IAirport/setInvocationAddressRequest"/>
      <output message="tns:setInvocationAddressResponse" wsam:Action="http://scn2.wp6.thalesgroup.choreos.ow2.org/IAirport/setInvocationAddressResponse"/>
    </operation>
  </portType>
  <binding name="AirportImplPortBinding" type="tns:IAirport">
    <soap:binding style="document" transport="http://schemas.xmlsoap.org/soap/http"/>
    <operation name="sendRerouteWarning">
      <soap:operation soapAction=""/>
      <input>
        <soap:body use="literal"/>
      </input>
      <output>
        <soap:body use="literal"/>
      </output>
    </operation>
    <operation name="requestAmenities">
      <soap:operation soapAction=""/>
      <input>
        <soap:body use="literal"/>
      </input>
      <output>
        <soap:body use="literal"/>
      </output>
    </operation>
    <operation name="confirmApproach">
      <soap:operation soapAction=""/>
      <input>
        <soap:body use="literal"/>
      </input>
      <output>
        <soap:body use="literal"/>
      </output>
    </operation>
    <operation name="reportPassengersPassedThrough">
      <soap:operation soapAction=""/>
      <input>
        <soap:body use="literal"/>
      </input>
      <output>
        <soap:body use="literal"/>
      </output>
    </operation>
    <operation name="getLuggageConfirmation">
      <soap:operation soapAction=""/>
      <input>
        <soap:body use="literal"/>
      </input>
      <output>
        <soap:body use="literal"/>
      </output>
    </operation>
    <operation name="getSecurityConfirmation">
      <soap:operation soapAction=""/>
      <input>
        <soap:body use="literal"/>
      </input>
      <output>
        <soap:body use="literal"/>
      </output>
    </operation>
    <operation name="getBusConfirmation">
      <soap:operation soapAction=""/>
      <input>
        <soap:body use="literal"/>
      </input>
      <output>
        <soap:body use="literal"/>
      </output>
    </operation>
    <operation name="getAvailableAmenities">
      <soap:operation soapAction=""/>
      <input>
        <soap:body use="literal"/>
      </input>
      <output>
        <soap:body use="literal"/>
      </output>
    </operation>
    <operation name="setInvocationAddress">
      <soap:operation soapAction=""/>
      <input>
        <soap:body use="literal"/>
      </input>
      <output>
        <soap:body use="literal"/>
      </output>
    </operation>
  </binding>
  <service name="AirportImplService">
    <port binding="tns:AirportImplPortBinding" name="AirportImplPort">
      <soap:address location="http://localhost:8004/airport"/>
    </port>
  </service>
</definitions>]]></content>
        <type>http://schemas.xmlsoap.org/wsdl/</type>
      </part>
    </definitionCache>
    <endpoints>
      <endpoint>http://localhost:8004/airport</endpoint>
      <endpoint>http://mbp-di-daniele.amministrazione.unicam:8080/Airport</endpoint>
    </endpoints>
    <operation isOneWay="false" action="" name="confirmApproach" bindingOperationName="confirmApproach" type="Request-Response" inputName="" receivesAttachments="false" sendsAttachments="false" anonymous="optional">
      <settings/>
      <call name="Request 1">
        <settings/>
        <encoding>UTF-8</encoding>
        <endpoint>http://localhost:8004/airport</endpoint>
        <request/>
        <wsaConfig mustUnderstand="NONE" version="200508" action="http://scn2.wp6.thalesgroup.choreos.ow2.org/IAirport/confirmApproachRequest"/>
      </call>
    </operation>
    <operation isOneWay="false" action="" name="getAvailableAmenities" bindingOperationName="getAvailableAmenities" type="Request-Response" inputName="" receivesAttachments="false" sendsAttachments="false" anonymous="optional">
      <settings/>
      <call name="Request 1">
        <settings/>
        <encoding>UTF-8</encoding>
        <endpoint>http://localhost:8004/airport</endpoint>
        <request/>
        <wsaConfig mustUnderstand="NONE" version="200508" action="http://scn2.wp6.thalesgroup.choreos.ow2.org/IAirport/getAvailableAmenitiesRequest"/>
      </call>
    </operation>
    <operation isOneWay="false" action="" name="getBusConfirmation" bindingOperationName="getBusConfirmation" type="Request-Response" inputName="" receivesAttachments="false" sendsAttachments="false" anonymous="optional">
      <settings/>
      <call name="Request 1">
        <settings/>
        <encoding>UTF-8</encoding>
        <endpoint>http://localhost:8004/airport</endpoint>
        <request/>
        <wsaConfig mustUnderstand="NONE" version="200508" action="http://scn2.wp6.thalesgroup.choreos.ow2.org/IAirport/getBusConfirmationRequest"/>
      </call>
    </operation>
    <operation isOneWay="false" action="" name="getLuggageConfirmation" bindingOperationName="getLuggageConfirmation" type="Request-Response" inputName="" receivesAttachments="false" sendsAttachments="false" anonymous="optional">
      <settings/>
      <call name="Request 1">
        <settings/>
        <encoding>UTF-8</encoding>
        <endpoint>http://localhost:8004/airport</endpoint>
        <request/>
        <wsaConfig mustUnderstand="NONE" version="200508" action="http://scn2.wp6.thalesgroup.choreos.ow2.org/IAirport/getLuggageConfirmationRequest"/>
      </call>
    </operation>
    <operation isOneWay="false" action="" name="getSecurityConfirmation" bindingOperationName="getSecurityConfirmation" type="Request-Response" inputName="" receivesAttachments="false" sendsAttachments="false" anonymous="optional">
      <settings/>
      <call name="Request 1">
        <settings/>
        <encoding>UTF-8</encoding>
        <endpoint>http://localhost:8004/airport</endpoint>
        <request/>
        <wsaConfig mustUnderstand="NONE" version="200508" action="http://scn2.wp6.thalesgroup.choreos.ow2.org/IAirport/getSecurityConfirmationRequest"/>
      </call>
    </operation>
    <operation isOneWay="false" action="" name="reportPassengersPassedThrough" bindingOperationName="reportPassengersPassedThrough" type="Request-Response" inputName="" receivesAttachments="false" sendsAttachments="false" anonymous="optional">
      <settings/>
      <call name="Request 1">
        <settings/>
        <encoding>UTF-8</encoding>
        <endpoint>http://localhost:8004/airport</endpoint>
        <request/>
        <wsaConfig mustUnderstand="NONE" version="200508" action="http://scn2.wp6.thalesgroup.choreos.ow2.org/IAirport/reportPassengersPassedThroughRequest"/>
      </call>
    </operation>
    <operation isOneWay="false" action="" name="requestAmenities" bindingOperationName="requestAmenities" type="Request-Response" inputName="" receivesAttachments="false" sendsAttachments="false" anonymous="optional">
      <settings/>
      <call name="Request 1">
        <settings/>
        <encoding>UTF-8</encoding>
        <endpoint>http://localhost:8004/airport</endpoint>
        <request/>
        <wsaConfig mustUnderstand="NONE" version="200508" action="http://scn2.wp6.thalesgroup.choreos.ow2.org/IAirport/requestAmenitiesRequest"/>
      </call>
    </operation>
    <operation isOneWay="false" action="" name="sendRerouteWarning" bindingOperationName="sendRerouteWarning" type="Request-Response" inputName="" receivesAttachments="false" sendsAttachments="false" anonymous="optional">
      <settings/>
      <call name="Request 1">
        <settings/>
        <encoding>UTF-8</encoding>
        <endpoint>http://localhost:8004/airport</endpoint>
        <request/>
        <wsaConfig mustUnderstand="NONE" version="200508" action="http://scn2.wp6.thalesgroup.choreos.ow2.org/IAirport/sendRerouteWarningRequest"/>
      </call>
    </operation>
    <operation isOneWay="false" action="" name="setInvocationAddress" bindingOperationName="setInvocationAddress" type="Request-Response" inputName="" receivesAttachments="false" sendsAttachments="false" anonymous="optional">
      <settings/>
      <call name="Request 1">
        <settings/>
        <encoding>UTF-8</encoding>
        <endpoint>http://localhost:8004/airport</endpoint>
        <request/>
        <wsaConfig mustUnderstand="NONE" version="200508" action="http://scn2.wp6.thalesgroup.choreos.ow2.org/IAirport/setInvocationAddressRequest"/>
      </call>
    </operation>
  </interface>
  <interface xsi:type="con:WsdlInterface" wsaVersion="NONE" name="AirportBusCompanyImplPortBinding" type="wsdl" bindingName="{http://scn2.wp6.thalesgroup.choreos.ow2.org/}AirportBusCompanyImplPortBinding" soapVersion="1_1" anonymous="optional" definition="file:/Users/danielefani/Documents/workspace/eclipse/Mars/VVframework/Dynamic-Verification-of-Service-Based-Systems/ParTes/Partes%20WS%20test%20generator/TestSuiteExamples/Friendly_Passenger%20Airport/WSDL/Airportbuscompany.wsdl" xmlns:con="http://eviware.com/soapui/config">
    <settings/>
    <definitionCache type="TEXT" rootPart="file:/Users/danielefani/Documents/workspace/eclipse/Mars/VVframework/Dynamic-Verification-of-Service-Based-Systems/ParTes/Partes%20WS%20test%20generator/TestSuiteExamples/Friendly_Passenger%20Airport/WSDL/Airportbuscompany.wsdl">
      <part>
        <url>file:/Users/danielefani/Documents/workspace/eclipse/Mars/VVframework/Dynamic-Verification-of-Service-Based-Systems/ParTes/Partes%20WS%20test%20generator/TestSuiteExamples/Friendly_Passenger%20Airport/WSDL/Airportbuscompany.wsdl</url>
        <content><![CDATA[<!--Published by JAX-WS RI at http://jax-ws.dev.java.net. RI's version is JAX-WS RI 2.2-12/14/2009 02:16 PM(ramkris)-.-->
<!--Generated by JAX-WS RI at http://jax-ws.dev.java.net. RI's version is JAX-WS RI 2.2-12/14/2009 02:16 PM(ramkris)-.-->
<definitions name="AirportBusCompanyImplService" targetNamespace="http://scn2.wp6.thalesgroup.choreos.ow2.org/" xmlns="http://schemas.xmlsoap.org/wsdl/" xmlns:soap="http://schemas.xmlsoap.org/wsdl/soap/" xmlns:tns="http://scn2.wp6.thalesgroup.choreos.ow2.org/" xmlns:wsam="http://www.w3.org/2007/05/addressing/metadata" xmlns:wsp="http://www.w3.org/ns/ws-policy" xmlns:wsp1_2="http://schemas.xmlsoap.org/ws/2004/09/policy" xmlns:wsu="http://docs.oasis-open.org/wss/2004/01/oasis-200401-wss-wssecurity-utility-1.0.xsd" xmlns:xsd="http://www.w3.org/2001/XMLSchema">
  <types>
    <xs:schema targetNamespace="http://scn2.wp6.thalesgroup.choreos.ow2.org/" version="1.0" xmlns:xs="http://www.w3.org/2001/XMLSchema">
      <xs:element name="bookAmenities" type="tns:bookAmenities"/>
      <xs:element name="bookAmenitiesResponse" type="tns:bookAmenitiesResponse"/>
      <xs:element name="setInvocationAddress" type="tns:setInvocationAddress"/>
      <xs:element name="setInvocationAddressResponse" type="tns:setInvocationAddressResponse"/>
      <xs:element name="warnUnexpectedArrival" type="tns:warnUnexpectedArrival"/>
      <xs:element name="warnUnexpectedArrivalResponse" type="tns:warnUnexpectedArrivalResponse"/>
      <xs:complexType name="setInvocationAddress">
        <xs:sequence>
          <xs:element minOccurs="0" name="role" type="xs:string"/>
          <xs:element minOccurs="0" name="name" type="xs:string"/>
          <xs:element maxOccurs="unbounded" minOccurs="0" name="endpoints" type="xs:string"/>
        </xs:sequence>
      </xs:complexType>
      <xs:complexType name="setInvocationAddressResponse">
        <xs:sequence/>
      </xs:complexType>
      <xs:complexType name="warnUnexpectedArrival">
        <xs:sequence/>
      </xs:complexType>
      <xs:complexType name="warnUnexpectedArrivalResponse">
        <xs:sequence/>
      </xs:complexType>
      <xs:complexType name="bookAmenities">
        <xs:sequence/>
      </xs:complexType>
      <xs:complexType name="bookAmenitiesResponse">
        <xs:sequence/>
      </xs:complexType>
    </xs:schema>
  </types>
  <message name="warnUnexpectedArrival">
    <part element="tns:warnUnexpectedArrival" name="parameters"/>
  </message>
  <message name="warnUnexpectedArrivalResponse">
    <part element="tns:warnUnexpectedArrivalResponse" name="parameters"/>
  </message>
  <message name="bookAmenities">
    <part element="tns:bookAmenities" name="parameters"/>
  </message>
  <message name="bookAmenitiesResponse">
    <part element="tns:bookAmenitiesResponse" name="parameters"/>
  </message>
  <message name="setInvocationAddress">
    <part element="tns:setInvocationAddress" name="parameters"/>
  </message>
  <message name="setInvocationAddressResponse">
    <part element="tns:setInvocationAddressResponse" name="parameters"/>
  </message>
  <portType name="IAirportBusCompany">
    <operation name="warnUnexpectedArrival">
      <input message="tns:warnUnexpectedArrival" wsam:Action="http://scn2.wp6.thalesgroup.choreos.ow2.org/IAirportBusCompany/warnUnexpectedArrivalRequest"/>
      <output message="tns:warnUnexpectedArrivalResponse" wsam:Action="http://scn2.wp6.thalesgroup.choreos.ow2.org/IAirportBusCompany/warnUnexpectedArrivalResponse"/>
    </operation>
    <operation name="bookAmenities">
      <input message="tns:bookAmenities" wsam:Action="http://scn2.wp6.thalesgroup.choreos.ow2.org/IAirportBusCompany/bookAmenitiesRequest"/>
      <output message="tns:bookAmenitiesResponse" wsam:Action="http://scn2.wp6.thalesgroup.choreos.ow2.org/IAirportBusCompany/bookAmenitiesResponse"/>
    </operation>
    <operation name="setInvocationAddress">
      <input message="tns:setInvocationAddress" wsam:Action="http://scn2.wp6.thalesgroup.choreos.ow2.org/IAirportBusCompany/setInvocationAddressRequest"/>
      <output message="tns:setInvocationAddressResponse" wsam:Action="http://scn2.wp6.thalesgroup.choreos.ow2.org/IAirportBusCompany/setInvocationAddressResponse"/>
    </operation>
  </portType>
  <binding name="AirportBusCompanyImplPortBinding" type="tns:IAirportBusCompany">
    <soap:binding style="document" transport="http://schemas.xmlsoap.org/soap/http"/>
    <operation name="warnUnexpectedArrival">
      <soap:operation soapAction=""/>
      <input>
        <soap:body use="literal"/>
      </input>
      <output>
        <soap:body use="literal"/>
      </output>
    </operation>
    <operation name="bookAmenities">
      <soap:operation soapAction=""/>
      <input>
        <soap:body use="literal"/>
      </input>
      <output>
        <soap:body use="literal"/>
      </output>
    </operation>
    <operation name="setInvocationAddress">
      <soap:operation soapAction=""/>
      <input>
        <soap:body use="literal"/>
      </input>
      <output>
        <soap:body use="literal"/>
      </output>
    </operation>
  </binding>
  <service name="AirportBusCompanyImplService">
    <port binding="tns:AirportBusCompanyImplPortBinding" name="AirportBusCompanyImplPort">
      <soap:address location="http://localhost:8023/airportbuscompany"/>
    </port>
  </service>
</definitions>]]></content>
        <type>http://schemas.xmlsoap.org/wsdl/</type>
      </part>
    </definitionCache>
    <endpoints>
      <endpoint>http://localhost:8023/airportbuscompany</endpoint>
      <endpoint>http://mbp-di-daniele.amministrazione.unicam:8080/BusCompany</endpoint>
    </endpoints>
    <operation isOneWay="false" action="" name="bookAmenities" bindingOperationName="bookAmenities" type="Request-Response" inputName="" receivesAttachments="false" sendsAttachments="false" anonymous="optional">
      <settings/>
      <call name="Request 1">
        <settings/>
        <encoding>UTF-8</encoding>
        <endpoint>http://localhost:8023/airportbuscompany</endpoint>
        <request/>
        <wsaConfig mustUnderstand="NONE" version="200508" action="http://scn2.wp6.thalesgroup.choreos.ow2.org/IAirportBusCompany/bookAmenitiesRequest"/>
      </call>
    </operation>
    <operation isOneWay="false" action="" name="setInvocationAddress" bindingOperationName="setInvocationAddress" type="Request-Response" inputName="" receivesAttachments="false" sendsAttachments="false" anonymous="optional">
      <settings/>
      <call name="Request 1">
        <settings/>
        <encoding>UTF-8</encoding>
        <endpoint>http://localhost:8023/airportbuscompany</endpoint>
        <request/>
        <wsaConfig mustUnderstand="NONE" version="200508" action="http://scn2.wp6.thalesgroup.choreos.ow2.org/IAirportBusCompany/setInvocationAddressRequest"/>
      </call>
    </operation>
    <operation isOneWay="false" action="" name="warnUnexpectedArrival" bindingOperationName="warnUnexpectedArrival" type="Request-Response" inputName="" receivesAttachments="false" sendsAttachments="false" anonymous="optional">
      <settings/>
      <call name="Request 1">
        <settings/>
        <encoding>UTF-8</encoding>
        <endpoint>http://localhost:8023/airportbuscompany</endpoint>
        <request/>
        <wsaConfig mustUnderstand="NONE" version="200508" action="http://scn2.wp6.thalesgroup.choreos.ow2.org/IAirportBusCompany/warnUnexpectedArrivalRequest"/>
      </call>
    </operation>
  </interface>
  <interface xsi:type="con:WsdlInterface" wsaVersion="NONE" name="SecurityCompanyImplPortBinding" type="wsdl" bindingName="{http://scn2.wp6.thalesgroup.choreos.ow2.org/}SecurityCompanyImplPortBinding" soapVersion="1_1" anonymous="optional" definition="file:/Users/danielefani/Documents/workspace/eclipse/Mars/VVframework/Dynamic-Verification-of-Service-Based-Systems/ParTes/Partes%20WS%20test%20generator/TestSuiteExamples/Friendly_Passenger%20Airport/WSDL/Securitycompany.wsdl" xmlns:con="http://eviware.com/soapui/config">
    <settings/>
    <definitionCache type="TEXT" rootPart="file:/Users/danielefani/Documents/workspace/eclipse/Mars/VVframework/Dynamic-Verification-of-Service-Based-Systems/ParTes/Partes%20WS%20test%20generator/TestSuiteExamples/Friendly_Passenger%20Airport/WSDL/Securitycompany.wsdl">
      <part>
        <url>file:/Users/danielefani/Documents/workspace/eclipse/Mars/VVframework/Dynamic-Verification-of-Service-Based-Systems/ParTes/Partes%20WS%20test%20generator/TestSuiteExamples/Friendly_Passenger%20Airport/WSDL/Securitycompany.wsdl</url>
        <content><![CDATA[<!--Published by JAX-WS RI at http://jax-ws.dev.java.net. RI's version is JAX-WS RI 2.2-12/14/2009 02:16 PM(ramkris)-.-->
<!--Generated by JAX-WS RI at http://jax-ws.dev.java.net. RI's version is JAX-WS RI 2.2-12/14/2009 02:16 PM(ramkris)-.-->
<definitions targetNamespace="http://scn2.wp6.thalesgroup.choreos.ow2.org/" name="SecurityCompanyImplService" xmlns:wsu="http://docs.oasis-open.org/wss/2004/01/oasis-200401-wss-wssecurity-utility-1.0.xsd" xmlns:wsp="http://www.w3.org/ns/ws-policy" xmlns:wsp1_2="http://schemas.xmlsoap.org/ws/2004/09/policy" xmlns:wsam="http://www.w3.org/2007/05/addressing/metadata" xmlns:soap="http://schemas.xmlsoap.org/wsdl/soap/" xmlns:tns="http://scn2.wp6.thalesgroup.choreos.ow2.org/" xmlns:xsd="http://www.w3.org/2001/XMLSchema" xmlns="http://schemas.xmlsoap.org/wsdl/">
  <types>
    <xs:schema version="1.0" targetNamespace="http://scn2.wp6.thalesgroup.choreos.ow2.org/" xmlns:xs="http://www.w3.org/2001/XMLSchema">
      <xs:element name="bookAmenities" type="tns:bookAmenities"/>
      <xs:element name="bookAmenitiesResponse" type="tns:bookAmenitiesResponse"/>
      <xs:element name="setInvocationAddress" type="tns:setInvocationAddress"/>
      <xs:element name="setInvocationAddressResponse" type="tns:setInvocationAddressResponse"/>
      <xs:element name="warnUnexpectedArrival" type="tns:warnUnexpectedArrival"/>
      <xs:element name="warnUnexpectedArrivalResponse" type="tns:warnUnexpectedArrivalResponse"/>
      <xs:complexType name="warnUnexpectedArrival">
        <xs:sequence/>
      </xs:complexType>
      <xs:complexType name="warnUnexpectedArrivalResponse">
        <xs:sequence/>
      </xs:complexType>
      <xs:complexType name="setInvocationAddress">
        <xs:sequence>
          <xs:element name="role" type="xs:string" minOccurs="0"/>
          <xs:element name="name" type="xs:string" minOccurs="0"/>
          <xs:element name="endpoints" type="xs:string" minOccurs="0" maxOccurs="unbounded"/>
        </xs:sequence>
      </xs:complexType>
      <xs:complexType name="setInvocationAddressResponse">
        <xs:sequence/>
      </xs:complexType>
      <xs:complexType name="bookAmenities">
        <xs:sequence/>
      </xs:complexType>
      <xs:complexType name="bookAmenitiesResponse">
        <xs:sequence/>
      </xs:complexType>
    </xs:schema>
  </types>
  <message name="warnUnexpectedArrival">
    <part name="parameters" element="tns:warnUnexpectedArrival"/>
  </message>
  <message name="warnUnexpectedArrivalResponse">
    <part name="parameters" element="tns:warnUnexpectedArrivalResponse"/>
  </message>
  <message name="bookAmenities">
    <part name="parameters" element="tns:bookAmenities"/>
  </message>
  <message name="bookAmenitiesResponse">
    <part name="parameters" element="tns:bookAmenitiesResponse"/>
  </message>
  <message name="setInvocationAddress">
    <part name="parameters" element="tns:setInvocationAddress"/>
  </message>
  <message name="setInvocationAddressResponse">
    <part name="parameters" element="tns:setInvocationAddressResponse"/>
  </message>
  <portType name="ISecurityCompany">
    <operation name="warnUnexpectedArrival">
      <input wsam:Action="http://scn2.wp6.thalesgroup.choreos.ow2.org/ISecurityCompany/warnUnexpectedArrivalRequest" message="tns:warnUnexpectedArrival"/>
      <output wsam:Action="http://scn2.wp6.thalesgroup.choreos.ow2.org/ISecurityCompany/warnUnexpectedArrivalResponse" message="tns:warnUnexpectedArrivalResponse"/>
    </operation>
    <operation name="bookAmenities">
      <input wsam:Action="http://scn2.wp6.thalesgroup.choreos.ow2.org/ISecurityCompany/bookAmenitiesRequest" message="tns:bookAmenities"/>
      <output wsam:Action="http://scn2.wp6.thalesgroup.choreos.ow2.org/ISecurityCompany/bookAmenitiesResponse" message="tns:bookAmenitiesResponse"/>
    </operation>
    <operation name="setInvocationAddress">
      <input wsam:Action="http://scn2.wp6.thalesgroup.choreos.ow2.org/ISecurityCompany/setInvocationAddressRequest" message="tns:setInvocationAddress"/>
      <output wsam:Action="http://scn2.wp6.thalesgroup.choreos.ow2.org/ISecurityCompany/setInvocationAddressResponse" message="tns:setInvocationAddressResponse"/>
    </operation>
  </portType>
  <binding name="SecurityCompanyImplPortBinding" type="tns:ISecurityCompany">
    <soap:binding transport="http://schemas.xmlsoap.org/soap/http" style="document"/>
    <operation name="warnUnexpectedArrival">
      <soap:operation soapAction=""/>
      <input>
        <soap:body use="literal"/>
      </input>
      <output>
        <soap:body use="literal"/>
      </output>
    </operation>
    <operation name="bookAmenities">
      <soap:operation soapAction=""/>
      <input>
        <soap:body use="literal"/>
      </input>
      <output>
        <soap:body use="literal"/>
      </output>
    </operation>
    <operation name="setInvocationAddress">
      <soap:operation soapAction=""/>
      <input>
        <soap:body use="literal"/>
      </input>
      <output>
        <soap:body use="literal"/>
      </output>
    </operation>
  </binding>
  <service name="SecurityCompanyImplService">
    <port name="SecurityCompanyImplPort" binding="tns:SecurityCompanyImplPortBinding">
      <soap:address location="http://localhost:8021/securitycompany"/>
    </port>
  </service>
</definitions>]]></content>
        <type>http://schemas.xmlsoap.org/wsdl/</type>
      </part>
    </definitionCache>
    <endpoints>
      <endpoint>http://localhost:8021/securitycompany</endpoint>
      <endpoint>http://mbp-di-daniele.amministrazione.unicam:8080/SecurityCompany</endpoint>
    </endpoints>
    <operation isOneWay="false" action="" name="bookAmenities" bindingOperationName="bookAmenities" type="Request-Response" inputName="" receivesAttachments="false" sendsAttachments="false" anonymous="optional">
      <settings/>
      <call name="Request 1">
        <settings/>
        <encoding>UTF-8</encoding>
        <endpoint>http://localhost:8021/securitycompany</endpoint>
        <request/>
        <wsaConfig mustUnderstand="NONE" version="200508" action="http://scn2.wp6.thalesgroup.choreos.ow2.org/ISecurityCompany/bookAmenitiesRequest"/>
      </call>
    </operation>
    <operation isOneWay="false" action="" name="setInvocationAddress" bindingOperationName="setInvocationAddress" type="Request-Response" inputName="" receivesAttachments="false" sendsAttachments="false" anonymous="optional">
      <settings/>
      <call name="Request 1">
        <settings/>
        <encoding>UTF-8</encoding>
        <endpoint>http://localhost:8021/securitycompany</endpoint>
        <request/>
        <wsaConfig mustUnderstand="NONE" version="200508" action="http://scn2.wp6.thalesgroup.choreos.ow2.org/ISecurityCompany/setInvocationAddressRequest"/>
      </call>
    </operation>
    <operation isOneWay="false" action="" name="warnUnexpectedArrival" bindingOperationName="warnUnexpectedArrival" type="Request-Response" inputName="" receivesAttachments="false" sendsAttachments="false" anonymous="optional">
      <settings/>
      <call name="Request 1">
        <settings/>
        <encoding>UTF-8</encoding>
        <endpoint>http://localhost:8021/securitycompany</endpoint>
        <request/>
        <wsaConfig mustUnderstand="NONE" version="200508" action="http://scn2.wp6.thalesgroup.choreos.ow2.org/ISecurityCompany/warnUnexpectedArrivalRequest"/>
      </call>
    </operation>
  </interface>
  <testSuite name="TestSuite with: true">
    <settings/>
    <runType>PARALLELL</runType>
    <testCase failOnError="true" failTestCaseOnErrors="true" keepSession="false" maxResults="0" name="TestCase_1" searchProperties="true">
      <settings/>
      <testStep type="request" name="bookAmenities_0">
        <settings/>
        <config xsi:type="con:RequestStep" xmlns:con="http://eviware.com/soapui/config">
          <interface>AirportBusCompanyImplPortBinding</interface>
          <operation>bookAmenities</operation>
          <request name="bookAmenities_0">
            <settings/>
            <encoding>UTF-8</encoding>
            <endpoint>http://mbp-di-daniele.amministrazione.unicam:8080/BusCompany</endpoint>
            <request><![CDATA[<soapenv:Envelope xmlns:soapenv="http://schemas.xmlsoap.org/soap/envelope/" xmlns:scn2="http://scn2.wp6.thalesgroup.choreos.ow2.org/">
   <soapenv:Header/>
   <soapenv:Body>
      <scn2:bookAmenities/>
   </soapenv:Body>
</soapenv:Envelope>]]></request>
            <assertion type="SOAP Response"/>
            <assertion type="Schema Compliance">
              <configuration/>
            </assertion>
            <assertion type="GroovyScriptAssertion">
              <configuration/>
            </assertion>
            <wsaConfig action="http://scn2.wp6.thalesgroup.choreos.ow2.org/IAirportBusCompany/bookAmenitiesRequest"/>
          </request>
        </config>
      </testStep>
      <testStep type="request" name="confirmApproach_1">
        <settings/>
        <config xsi:type="con:RequestStep" xmlns:con="http://eviware.com/soapui/config">
          <interface>AirportImplPortBinding</interface>
          <operation>confirmApproach</operation>
          <request name="confirmApproach_1">
            <settings/>
            <encoding>UTF-8</encoding>
            <endpoint>http://mbp-di-daniele.amministrazione.unicam:8080/Airport</endpoint>
            <request><![CDATA[<soapenv:Envelope xmlns:soapenv="http://schemas.xmlsoap.org/soap/envelope/" xmlns:scn2="http://scn2.wp6.thalesgroup.choreos.ow2.org/">
   <soapenv:Header/>
   <soapenv:Body>
      <scn2:confirmApproach/>
   </soapenv:Body>
</soapenv:Envelope>]]></request>
            <assertion type="SOAP Response"/>
            <assertion type="Schema Compliance">
              <configuration/>
            </assertion>
            <assertion type="GroovyScriptAssertion">
              <configuration/>
            </assertion>
            <wsaConfig action="http://scn2.wp6.thalesgroup.choreos.ow2.org/IAirport/confirmApproachRequest"/>
          </request>
        </config>
      </testStep>
      <testStep type="request" name="bookAmenities_2">
        <settings/>
        <config xsi:type="con:RequestStep" xmlns:con="http://eviware.com/soapui/config">
          <interface>SecurityCompanyImplPortBinding</interface>
          <operation>bookAmenities</operation>
          <request name="bookAmenities_2">
            <settings/>
            <encoding>UTF-8</encoding>
            <endpoint>http://mbp-di-daniele.amministrazione.unicam:8080/SecurityCompany</endpoint>
            <request><![CDATA[<soapenv:Envelope xmlns:soapenv="http://schemas.xmlsoap.org/soap/envelope/" xmlns:scn2="http://scn2.wp6.thalesgroup.choreos.ow2.org/">
   <soapenv:Header/>
   <soapenv:Body>
      <scn2:bookAmenities/>
   </soapenv:Body>
</soapenv:Envelope>]]></request>
            <assertion type="SOAP Response"/>
            <assertion type="Schema Compliance">
              <configuration/>
            </assertion>
            <assertion type="GroovyScriptAssertion">
              <configuration/>
            </assertion>
            <wsaConfig action="http://scn2.wp6.thalesgroup.choreos.ow2.org/ISecurityCompany/bookAmenitiesRequest"/>
          </request>
        </config>
      </testStep>
      <testStep type="request" name="warnUnexpectedArrival_3">
        <settings/>
        <config xsi:type="con:RequestStep" xmlns:con="http://eviware.com/soapui/config">
          <interface>SecurityCompanyImplPortBinding</interface>
          <operation>warnUnexpectedArrival</operation>
          <request name="warnUnexpectedArrival_3">
            <settings/>
            <encoding>UTF-8</encoding>
            <endpoint>http://mbp-di-daniele.amministrazione.unicam:8080/SecurityCompany</endpoint>
            <request><![CDATA[<soapenv:Envelope xmlns:soapenv="http://schemas.xmlsoap.org/soap/envelope/" xmlns:scn2="http://scn2.wp6.thalesgroup.choreos.ow2.org/">
   <soapenv:Header/>
   <soapenv:Body>
      <scn2:warnUnexpectedArrival/>
   </soapenv:Body>
</soapenv:Envelope>]]></request>
            <assertion type="SOAP Response"/>
            <assertion type="Schema Compliance">
              <configuration/>
            </assertion>
            <assertion type="GroovyScriptAssertion">
              <configuration/>
            </assertion>
            <wsaConfig action="http://scn2.wp6.thalesgroup.choreos.ow2.org/ISecurityCompany/warnUnexpectedArrivalRequest"/>
          </request>
        </config>
      </testStep>
      <testStep type="request" name="getBusConfirmation_4">
        <settings/>
        <config xsi:type="con:RequestStep" xmlns:con="http://eviware.com/soapui/config">
          <interface>AirportImplPortBinding</interface>
          <operation>getBusConfirmation</operation>
          <request name="getBusConfirmation_4">
            <settings/>
            <encoding>UTF-8</encoding>
            <endpoint>http://mbp-di-daniele.amministrazione.unicam:8080/Airport</endpoint>
            <request><![CDATA[<soapenv:Envelope xmlns:soapenv="http://schemas.xmlsoap.org/soap/envelope/" xmlns:scn2="http://scn2.wp6.thalesgroup.choreos.ow2.org/">
   <soapenv:Header/>
   <soapenv:Body>
      <scn2:getBusConfirmation/>
   </soapenv:Body>
</soapenv:Envelope>]]></request>
            <assertion type="SOAP Response"/>
            <assertion type="Schema Compliance">
              <configuration/>
            </assertion>
            <assertion type="GroovyScriptAssertion">
              <configuration/>
            </assertion>
            <wsaConfig action="http://scn2.wp6.thalesgroup.choreos.ow2.org/IAirport/getBusConfirmationRequest"/>
          </request>
        </config>
      </testStep>
      <testStep type="request" name="setInvocationAddress_5">
        <settings/>
        <config xsi:type="con:RequestStep" xmlns:con="http://eviware.com/soapui/config">
          <interface>AirportBusCompanyImplPortBinding</interface>
          <operation>setInvocationAddress</operation>
          <request name="setInvocationAddress_5">
            <settings/>
            <encoding>UTF-8</encoding>
            <endpoint>http://mbp-di-daniele.amministrazione.unicam:8080/BusCompany</endpoint>
            <request><![CDATA[<soapenv:Envelope xmlns:soapenv="http://schemas.xmlsoap.org/soap/envelope/" xmlns:scn2="http://scn2.wp6.thalesgroup.choreos.ow2.org/">
   <soapenv:Header/>
   <soapenv:Body>
      <scn2:setInvocationAddress>
         <!--Optional:-->
         <role>?</role>
         <!--Optional:-->
         <name>?</name>
         <!--Zero or more repetitions:-->
         <endpoints>?</endpoints>
      </scn2:setInvocationAddress>
   </soapenv:Body>
</soapenv:Envelope>]]></request>
            <assertion type="SOAP Response"/>
            <assertion type="Schema Compliance">
              <configuration/>
            </assertion>
            <assertion type="GroovyScriptAssertion">
              <configuration/>
            </assertion>
            <wsaConfig action="http://scn2.wp6.thalesgroup.choreos.ow2.org/IAirportBusCompany/setInvocationAddressRequest"/>
          </request>
        </config>
      </testStep>
      <properties/>
    </testCase>
    <testCase failOnError="true" failTestCaseOnErrors="true" keepSession="false" maxResults="0" name="TestCase_2" searchProperties="true">
      <settings/>
      <testStep type="request" name="bookAmenities_6">
        <settings/>
        <config xsi:type="con:RequestStep" xmlns:con="http://eviware.com/soapui/config">
          <interface>AirportBusCompanyImplPortBinding</interface>
          <operation>bookAmenities</operation>
          <request name="bookAmenities_6">
            <settings/>
            <encoding>UTF-8</encoding>
            <endpoint>http://mbp-di-daniele.amministrazione.unicam:8080/BusCompany</endpoint>
            <request><![CDATA[<soapenv:Envelope xmlns:soapenv="http://schemas.xmlsoap.org/soap/envelope/" xmlns:scn2="http://scn2.wp6.thalesgroup.choreos.ow2.org/">
   <soapenv:Header/>
   <soapenv:Body>
      <scn2:bookAmenities/>
   </soapenv:Body>
</soapenv:Envelope>]]></request>
            <assertion type="SOAP Response"/>
            <assertion type="Schema Compliance">
              <configuration/>
            </assertion>
            <assertion type="GroovyScriptAssertion">
              <configuration/>
            </assertion>
            <wsaConfig action="http://scn2.wp6.thalesgroup.choreos.ow2.org/IAirportBusCompany/bookAmenitiesRequest"/>
          </request>
        </config>
      </testStep>
      <testStep type="request" name="warnUnexpectedArrival_7">
        <settings/>
        <config xsi:type="con:RequestStep" xmlns:con="http://eviware.com/soapui/config">
          <interface>SecurityCompanyImplPortBinding</interface>
          <operation>warnUnexpectedArrival</operation>
          <request name="warnUnexpectedArrival_7">
            <settings/>
            <encoding>UTF-8</encoding>
            <endpoint>http://mbp-di-daniele.amministrazione.unicam:8080/SecurityCompany</endpoint>
            <request><![CDATA[<soapenv:Envelope xmlns:soapenv="http://schemas.xmlsoap.org/soap/envelope/" xmlns:scn2="http://scn2.wp6.thalesgroup.choreos.ow2.org/">
   <soapenv:Header/>
   <soapenv:Body>
      <scn2:warnUnexpectedArrival/>
   </soapenv:Body>
</soapenv:Envelope>]]></request>
            <assertion type="SOAP Response"/>
            <assertion type="Schema Compliance">
              <configuration/>
            </assertion>
            <assertion type="GroovyScriptAssertion">
              <configuration/>
            </assertion>
            <wsaConfig action="http://scn2.wp6.thalesgroup.choreos.ow2.org/ISecurityCompany/warnUnexpectedArrivalRequest"/>
          </request>
        </config>
      </testStep>
      <testStep type="request" name="getBusConfirmation_8">
        <settings/>
        <config xsi:type="con:RequestStep" xmlns:con="http://eviware.com/soapui/config">
          <interface>AirportImplPortBinding</interface>
          <operation>getBusConfirmation</operation>
          <request name="getBusConfirmation_8">
            <settings/>
            <encoding>UTF-8</encoding>
            <endpoint>http://mbp-di-daniele.amministrazione.unicam:8080/Airport</endpoint>
            <request><![CDATA[<soapenv:Envelope xmlns:soapenv="http://schemas.xmlsoap.org/soap/envelope/" xmlns:scn2="http://scn2.wp6.thalesgroup.choreos.ow2.org/">
   <soapenv:Header/>
   <soapenv:Body>
      <scn2:getBusConfirmation/>
   </soapenv:Body>
</soapenv:Envelope>]]></request>
            <assertion type="SOAP Response"/>
            <assertion type="Schema Compliance">
              <configuration/>
            </assertion>
            <assertion type="GroovyScriptAssertion">
              <configuration/>
            </assertion>
            <wsaConfig action="http://scn2.wp6.thalesgroup.choreos.ow2.org/IAirport/getBusConfirmationRequest"/>
          </request>
        </config>
      </testStep>
      <testStep type="request" name="confirmApproach_9">
        <settings/>
        <config xsi:type="con:RequestStep" xmlns:con="http://eviware.com/soapui/config">
          <interface>AirportImplPortBinding</interface>
          <operation>confirmApproach</operation>
          <request name="confirmApproach_9">
            <settings/>
            <encoding>UTF-8</encoding>
            <endpoint>http://mbp-di-daniele.amministrazione.unicam:8080/Airport</endpoint>
            <request><![CDATA[<soapenv:Envelope xmlns:soapenv="http://schemas.xmlsoap.org/soap/envelope/" xmlns:scn2="http://scn2.wp6.thalesgroup.choreos.ow2.org/">
   <soapenv:Header/>
   <soapenv:Body>
      <scn2:confirmApproach/>
   </soapenv:Body>
</soapenv:Envelope>]]></request>
            <assertion type="SOAP Response"/>
            <assertion type="Schema Compliance">
              <configuration/>
            </assertion>
            <assertion type="GroovyScriptAssertion">
              <configuration/>
            </assertion>
            <wsaConfig action="http://scn2.wp6.thalesgroup.choreos.ow2.org/IAirport/confirmApproachRequest"/>
          </request>
        </config>
      </testStep>
      <testStep type="request" name="bookAmenities_10">
        <settings/>
        <config xsi:type="con:RequestStep" xmlns:con="http://eviware.com/soapui/config">
          <interface>SecurityCompanyImplPortBinding</interface>
          <operation>bookAmenities</operation>
          <request name="bookAmenities_10">
            <settings/>
            <encoding>UTF-8</encoding>
            <endpoint>http://mbp-di-daniele.amministrazione.unicam:8080/SecurityCompany</endpoint>
            <request><![CDATA[<soapenv:Envelope xmlns:soapenv="http://schemas.xmlsoap.org/soap/envelope/" xmlns:scn2="http://scn2.wp6.thalesgroup.choreos.ow2.org/">
   <soapenv:Header/>
   <soapenv:Body>
      <scn2:bookAmenities/>
   </soapenv:Body>
</soapenv:Envelope>]]></request>
            <assertion type="SOAP Response"/>
            <assertion type="Schema Compliance">
              <configuration/>
            </assertion>
            <assertion type="GroovyScriptAssertion">
              <configuration/>
            </assertion>
            <wsaConfig action="http://scn2.wp6.thalesgroup.choreos.ow2.org/ISecurityCompany/bookAmenitiesRequest"/>
          </request>
        </config>
      </testStep>
      <testStep type="request" name="setInvocationAddress_11">
        <settings/>
        <config xsi:type="con:RequestStep" xmlns:con="http://eviware.com/soapui/config">
          <interface>AirportBusCompanyImplPortBinding</interface>
          <operation>setInvocationAddress</operation>
          <request name="setInvocationAddress_11">
            <settings/>
            <encoding>UTF-8</encoding>
            <endpoint>http://mbp-di-daniele.amministrazione.unicam:8080/BusCompany</endpoint>
            <request><![CDATA[<soapenv:Envelope xmlns:soapenv="http://schemas.xmlsoap.org/soap/envelope/" xmlns:scn2="http://scn2.wp6.thalesgroup.choreos.ow2.org/">
   <soapenv:Header/>
   <soapenv:Body>
      <scn2:setInvocationAddress>
         <!--Optional:-->
         <role>?</role>
         <!--Optional:-->
         <name>?</name>
         <!--Zero or more repetitions:-->
         <endpoints>?</endpoints>
      </scn2:setInvocationAddress>
   </soapenv:Body>
</soapenv:Envelope>]]></request>
            <assertion type="SOAP Response"/>
            <assertion type="Schema Compliance">
              <configuration/>
            </assertion>
            <assertion type="GroovyScriptAssertion">
              <configuration/>
            </assertion>
            <wsaConfig action="http://scn2.wp6.thalesgroup.choreos.ow2.org/IAirportBusCompany/setInvocationAddressRequest"/>
          </request>
        </config>
      </testStep>
      <properties/>
    </testCase>
    <testCase failOnError="true" failTestCaseOnErrors="true" keepSession="false" maxResults="0" name="TestCase_3" searchProperties="true">
      <settings/>
      <testStep type="request" name="bookAmenities_12">
        <settings/>
        <config xsi:type="con:RequestStep" xmlns:con="http://eviware.com/soapui/config">
          <interface>AirportBusCompanyImplPortBinding</interface>
          <operation>bookAmenities</operation>
          <request name="bookAmenities_12">
            <settings/>
            <encoding>UTF-8</encoding>
            <endpoint>http://mbp-di-daniele.amministrazione.unicam:8080/BusCompany</endpoint>
            <request><![CDATA[<soapenv:Envelope xmlns:soapenv="http://schemas.xmlsoap.org/soap/envelope/" xmlns:scn2="http://scn2.wp6.thalesgroup.choreos.ow2.org/">
   <soapenv:Header/>
   <soapenv:Body>
      <scn2:bookAmenities/>
   </soapenv:Body>
</soapenv:Envelope>]]></request>
            <assertion type="SOAP Response"/>
            <assertion type="Schema Compliance">
              <configuration/>
            </assertion>
            <assertion type="GroovyScriptAssertion">
              <configuration/>
            </assertion>
            <wsaConfig action="http://scn2.wp6.thalesgroup.choreos.ow2.org/IAirportBusCompany/bookAmenitiesRequest"/>
          </request>
        </config>
      </testStep>
      <testStep type="request" name="warnUnexpectedArrival_13">
        <settings/>
        <config xsi:type="con:RequestStep" xmlns:con="http://eviware.com/soapui/config">
          <interface>SecurityCompanyImplPortBinding</interface>
          <operation>warnUnexpectedArrival</operation>
          <request name="warnUnexpectedArrival_13">
            <settings/>
            <encoding>UTF-8</encoding>
            <endpoint>http://mbp-di-daniele.amministrazione.unicam:8080/SecurityCompany</endpoint>
            <request><![CDATA[<soapenv:Envelope xmlns:soapenv="http://schemas.xmlsoap.org/soap/envelope/" xmlns:scn2="http://scn2.wp6.thalesgroup.choreos.ow2.org/">
   <soapenv:Header/>
   <soapenv:Body>
      <scn2:warnUnexpectedArrival/>
   </soapenv:Body>
</soapenv:Envelope>]]></request>
            <assertion type="SOAP Response"/>
            <assertion type="Schema Compliance">
              <configuration/>
            </assertion>
            <assertion type="GroovyScriptAssertion">
              <configuration/>
            </assertion>
            <wsaConfig action="http://scn2.wp6.thalesgroup.choreos.ow2.org/ISecurityCompany/warnUnexpectedArrivalRequest"/>
          </request>
        </config>
      </testStep>
      <testStep type="request" name="confirmApproach_14">
        <settings/>
        <config xsi:type="con:RequestStep" xmlns:con="http://eviware.com/soapui/config">
          <interface>AirportImplPortBinding</interface>
          <operation>confirmApproach</operation>
          <request name="confirmApproach_14">
            <settings/>
            <encoding>UTF-8</encoding>
            <endpoint>http://mbp-di-daniele.amministrazione.unicam:8080/Airport</endpoint>
            <request><![CDATA[<soapenv:Envelope xmlns:soapenv="http://schemas.xmlsoap.org/soap/envelope/" xmlns:scn2="http://scn2.wp6.thalesgroup.choreos.ow2.org/">
   <soapenv:Header/>
   <soapenv:Body>
      <scn2:confirmApproach/>
   </soapenv:Body>
</soapenv:Envelope>]]></request>
            <assertion type="SOAP Response"/>
            <assertion type="Schema Compliance">
              <configuration/>
            </assertion>
            <assertion type="GroovyScriptAssertion">
              <configuration/>
            </assertion>
            <wsaConfig action="http://scn2.wp6.thalesgroup.choreos.ow2.org/IAirport/confirmApproachRequest"/>
          </request>
        </config>
      </testStep>
      <testStep type="request" name="getBusConfirmation_15">
        <settings/>
        <config xsi:type="con:RequestStep" xmlns:con="http://eviware.com/soapui/config">
          <interface>AirportImplPortBinding</interface>
          <operation>getBusConfirmation</operation>
          <request name="getBusConfirmation_15">
            <settings/>
            <encoding>UTF-8</encoding>
            <endpoint>http://mbp-di-daniele.amministrazione.unicam:8080/Airport</endpoint>
            <request><![CDATA[<soapenv:Envelope xmlns:soapenv="http://schemas.xmlsoap.org/soap/envelope/" xmlns:scn2="http://scn2.wp6.thalesgroup.choreos.ow2.org/">
   <soapenv:Header/>
   <soapenv:Body>
      <scn2:getBusConfirmation/>
   </soapenv:Body>
</soapenv:Envelope>]]></request>
            <assertion type="SOAP Response"/>
            <assertion type="Schema Compliance">
              <configuration/>
            </assertion>
            <assertion type="GroovyScriptAssertion">
              <configuration/>
            </assertion>
            <wsaConfig action="http://scn2.wp6.thalesgroup.choreos.ow2.org/IAirport/getBusConfirmationRequest"/>
          </request>
        </config>
      </testStep>
      <testStep type="request" name="bookAmenities_16">
        <settings/>
        <config xsi:type="con:RequestStep" xmlns:con="http://eviware.com/soapui/config">
          <interface>SecurityCompanyImplPortBinding</interface>
          <operation>bookAmenities</operation>
          <request name="bookAmenities_16">
            <settings/>
            <encoding>UTF-8</encoding>
            <endpoint>http://mbp-di-daniele.amministrazione.unicam:8080/SecurityCompany</endpoint>
            <request><![CDATA[<soapenv:Envelope xmlns:soapenv="http://schemas.xmlsoap.org/soap/envelope/" xmlns:scn2="http://scn2.wp6.thalesgroup.choreos.ow2.org/">
   <soapenv:Header/>
   <soapenv:Body>
      <scn2:bookAmenities/>
   </soapenv:Body>
</soapenv:Envelope>]]></request>
            <assertion type="SOAP Response"/>
            <assertion type="Schema Compliance">
              <configuration/>
            </assertion>
            <assertion type="GroovyScriptAssertion">
              <configuration/>
            </assertion>
            <wsaConfig action="http://scn2.wp6.thalesgroup.choreos.ow2.org/ISecurityCompany/bookAmenitiesRequest"/>
          </request>
        </config>
      </testStep>
      <testStep type="request" name="setInvocationAddress_17">
        <settings/>
        <config xsi:type="con:RequestStep" xmlns:con="http://eviware.com/soapui/config">
          <interface>AirportBusCompanyImplPortBinding</interface>
          <operation>setInvocationAddress</operation>
          <request name="setInvocationAddress_17">
            <settings/>
            <encoding>UTF-8</encoding>
            <endpoint>http://mbp-di-daniele.amministrazione.unicam:8080/BusCompany</endpoint>
            <request><![CDATA[<soapenv:Envelope xmlns:soapenv="http://schemas.xmlsoap.org/soap/envelope/" xmlns:scn2="http://scn2.wp6.thalesgroup.choreos.ow2.org/">
   <soapenv:Header/>
   <soapenv:Body>
      <scn2:setInvocationAddress>
         <!--Optional:-->
         <role>?</role>
         <!--Optional:-->
         <name>?</name>
         <!--Zero or more repetitions:-->
         <endpoints>?</endpoints>
      </scn2:setInvocationAddress>
   </soapenv:Body>
</soapenv:Envelope>]]></request>
            <assertion type="SOAP Response"/>
            <assertion type="Schema Compliance">
              <configuration/>
            </assertion>
            <assertion type="GroovyScriptAssertion">
              <configuration/>
            </assertion>
            <wsaConfig action="http://scn2.wp6.thalesgroup.choreos.ow2.org/IAirportBusCompany/setInvocationAddressRequest"/>
          </request>
        </config>
      </testStep>
      <properties/>
    </testCase>
    <properties/>
  </testSuite>
  <mockService port="8080" path="/Airport" host="mbp-di-daniele.amministrazione.unicam" name="Airport mock service">
    <settings>
      <setting id="com.eviware.soapui.impl.wsdl.mock.WsdlMockService@require-soap-action">false</setting>
    </settings>
    <mockOperation name="confirmApproach" interface="AirportImplPortBinding" operation="confirmApproach">
      <settings/>
      <dispatchStyle>SEQUENCE</dispatchStyle>
      <defaultResponse><![CDATA[<soapenv:Envelope xmlns:soapenv="http://schemas.xmlsoap.org/soap/envelope/" xmlns:scn2="http://scn2.wp6.thalesgroup.choreos.ow2.org/">
   <soapenv:Header/>
   <soapenv:Body>
      <scn2:confirmApproachResponse/>
   </soapenv:Body>
</soapenv:Envelope>]]></defaultResponse>
      <response name="&lt;soapenv:Envelope xmlns:soapenv=&quot;http://schemas.xmlsoap.org/soap/envelope/&quot; xmlns:scn2=&quot;http://scn2.wp6.thalesgroup.choreos.ow2.org/&quot;>
   &lt;soapenv:Header/>
   &lt;soapenv:Body>
      &lt;scn2:confirmApproachResponse/>
   &lt;/soapenv:Body>
&lt;/soapenv:Envelope>" encoding="UTF-8">
        <settings/>
        <responseContent><![CDATA[<soapenv:Envelope xmlns:soapenv="http://schemas.xmlsoap.org/soap/envelope/" xmlns:scn2="http://scn2.wp6.thalesgroup.choreos.ow2.org/">
   <soapenv:Header/>
   <soapenv:Body>
      <scn2:confirmApproachResponse/>
   </soapenv:Body>
</soapenv:Envelope>]]></responseContent>
        <wsaConfig mustUnderstand="NONE" version="200508" action="http://scn2.wp6.thalesgroup.choreos.ow2.org/IAirport/confirmApproachResponse"/>
      </response>
      <dispatchConfig/>
    </mockOperation>
    <mockOperation name="getAvailableAmenities" interface="AirportImplPortBinding" operation="getAvailableAmenities">
      <settings/>
      <dispatchStyle>SEQUENCE</dispatchStyle>
      <defaultResponse><![CDATA[<soapenv:Envelope xmlns:soapenv="http://schemas.xmlsoap.org/soap/envelope/" xmlns:scn2="http://scn2.wp6.thalesgroup.choreos.ow2.org/">
   <soapenv:Header/>
   <soapenv:Body>
      <scn2:getAvailableAmenitiesResponse/>
   </soapenv:Body>
</soapenv:Envelope>]]></defaultResponse>
      <response name="&lt;soapenv:Envelope xmlns:soapenv=&quot;http://schemas.xmlsoap.org/soap/envelope/&quot; xmlns:scn2=&quot;http://scn2.wp6.thalesgroup.choreos.ow2.org/&quot;>
   &lt;soapenv:Header/>
   &lt;soapenv:Body>
      &lt;scn2:getAvailableAmenitiesResponse/>
   &lt;/soapenv:Body>
&lt;/soapenv:Envelope>" encoding="UTF-8">
        <settings/>
        <responseContent><![CDATA[<soapenv:Envelope xmlns:soapenv="http://schemas.xmlsoap.org/soap/envelope/" xmlns:scn2="http://scn2.wp6.thalesgroup.choreos.ow2.org/">
   <soapenv:Header/>
   <soapenv:Body>
      <scn2:getAvailableAmenitiesResponse/>
   </soapenv:Body>
</soapenv:Envelope>]]></responseContent>
        <wsaConfig mustUnderstand="NONE" version="200508" action="http://scn2.wp6.thalesgroup.choreos.ow2.org/IAirport/getAvailableAmenitiesResponse"/>
      </response>
      <dispatchConfig/>
    </mockOperation>
    <mockOperation name="getBusConfirmation" interface="AirportImplPortBinding" operation="getBusConfirmation">
      <settings/>
      <dispatchStyle>SEQUENCE</dispatchStyle>
      <defaultResponse><![CDATA[<soapenv:Envelope xmlns:soapenv="http://schemas.xmlsoap.org/soap/envelope/" xmlns:scn2="http://scn2.wp6.thalesgroup.choreos.ow2.org/">
   <soapenv:Header/>
   <soapenv:Body>
      <scn2:getBusConfirmationResponse/>
   </soapenv:Body>
</soapenv:Envelope>]]></defaultResponse>
      <response name="&lt;soapenv:Envelope xmlns:soapenv=&quot;http://schemas.xmlsoap.org/soap/envelope/&quot; xmlns:scn2=&quot;http://scn2.wp6.thalesgroup.choreos.ow2.org/&quot;>
   &lt;soapenv:Header/>
   &lt;soapenv:Body>
      &lt;scn2:getBusConfirmationResponse/>
   &lt;/soapenv:Body>
&lt;/soapenv:Envelope>" encoding="UTF-8">
        <settings/>
        <responseContent><![CDATA[<soapenv:Envelope xmlns:soapenv="http://schemas.xmlsoap.org/soap/envelope/" xmlns:scn2="http://scn2.wp6.thalesgroup.choreos.ow2.org/">
   <soapenv:Header/>
   <soapenv:Body>
      <scn2:getBusConfirmationResponse/>
   </soapenv:Body>
</soapenv:Envelope>]]></responseContent>
        <wsaConfig mustUnderstand="NONE" version="200508" action="http://scn2.wp6.thalesgroup.choreos.ow2.org/IAirport/getBusConfirmationResponse"/>
      </response>
      <dispatchConfig/>
    </mockOperation>
    <mockOperation name="getLuggageConfirmation" interface="AirportImplPortBinding" operation="getLuggageConfirmation">
      <settings/>
      <dispatchStyle>SEQUENCE</dispatchStyle>
      <defaultResponse><![CDATA[<soapenv:Envelope xmlns:soapenv="http://schemas.xmlsoap.org/soap/envelope/" xmlns:scn2="http://scn2.wp6.thalesgroup.choreos.ow2.org/">
   <soapenv:Header/>
   <soapenv:Body>
      <scn2:getLuggageConfirmationResponse/>
   </soapenv:Body>
</soapenv:Envelope>]]></defaultResponse>
      <response name="&lt;soapenv:Envelope xmlns:soapenv=&quot;http://schemas.xmlsoap.org/soap/envelope/&quot; xmlns:scn2=&quot;http://scn2.wp6.thalesgroup.choreos.ow2.org/&quot;>
   &lt;soapenv:Header/>
   &lt;soapenv:Body>
      &lt;scn2:getLuggageConfirmationResponse/>
   &lt;/soapenv:Body>
&lt;/soapenv:Envelope>" encoding="UTF-8">
        <settings/>
        <responseContent><![CDATA[<soapenv:Envelope xmlns:soapenv="http://schemas.xmlsoap.org/soap/envelope/" xmlns:scn2="http://scn2.wp6.thalesgroup.choreos.ow2.org/">
   <soapenv:Header/>
   <soapenv:Body>
      <scn2:getLuggageConfirmationResponse/>
   </soapenv:Body>
</soapenv:Envelope>]]></responseContent>
        <wsaConfig mustUnderstand="NONE" version="200508" action="http://scn2.wp6.thalesgroup.choreos.ow2.org/IAirport/getLuggageConfirmationResponse"/>
      </response>
      <dispatchConfig/>
    </mockOperation>
    <mockOperation name="getSecurityConfirmation" interface="AirportImplPortBinding" operation="getSecurityConfirmation">
      <settings/>
      <dispatchStyle>SEQUENCE</dispatchStyle>
      <defaultResponse><![CDATA[<soapenv:Envelope xmlns:soapenv="http://schemas.xmlsoap.org/soap/envelope/" xmlns:scn2="http://scn2.wp6.thalesgroup.choreos.ow2.org/">
   <soapenv:Header/>
   <soapenv:Body>
      <scn2:getSecurityConfirmationResponse/>
   </soapenv:Body>
</soapenv:Envelope>]]></defaultResponse>
      <response name="&lt;soapenv:Envelope xmlns:soapenv=&quot;http://schemas.xmlsoap.org/soap/envelope/&quot; xmlns:scn2=&quot;http://scn2.wp6.thalesgroup.choreos.ow2.org/&quot;>
   &lt;soapenv:Header/>
   &lt;soapenv:Body>
      &lt;scn2:getSecurityConfirmationResponse/>
   &lt;/soapenv:Body>
&lt;/soapenv:Envelope>" encoding="UTF-8">
        <settings/>
        <responseContent><![CDATA[<soapenv:Envelope xmlns:soapenv="http://schemas.xmlsoap.org/soap/envelope/" xmlns:scn2="http://scn2.wp6.thalesgroup.choreos.ow2.org/">
   <soapenv:Header/>
   <soapenv:Body>
      <scn2:getSecurityConfirmationResponse/>
   </soapenv:Body>
</soapenv:Envelope>]]></responseContent>
        <wsaConfig mustUnderstand="NONE" version="200508" action="http://scn2.wp6.thalesgroup.choreos.ow2.org/IAirport/getSecurityConfirmationResponse"/>
      </response>
      <dispatchConfig/>
    </mockOperation>
    <mockOperation name="reportPassengersPassedThrough" interface="AirportImplPortBinding" operation="reportPassengersPassedThrough">
      <settings/>
      <dispatchStyle>SEQUENCE</dispatchStyle>
      <defaultResponse><![CDATA[<soapenv:Envelope xmlns:soapenv="http://schemas.xmlsoap.org/soap/envelope/" xmlns:scn2="http://scn2.wp6.thalesgroup.choreos.ow2.org/">
   <soapenv:Header/>
   <soapenv:Body>
      <scn2:reportPassengersPassedThroughResponse/>
   </soapenv:Body>
</soapenv:Envelope>]]></defaultResponse>
      <response name="&lt;soapenv:Envelope xmlns:soapenv=&quot;http://schemas.xmlsoap.org/soap/envelope/&quot; xmlns:scn2=&quot;http://scn2.wp6.thalesgroup.choreos.ow2.org/&quot;>
   &lt;soapenv:Header/>
   &lt;soapenv:Body>
      &lt;scn2:reportPassengersPassedThroughResponse/>
   &lt;/soapenv:Body>
&lt;/soapenv:Envelope>" encoding="UTF-8">
        <settings/>
        <responseContent><![CDATA[<soapenv:Envelope xmlns:soapenv="http://schemas.xmlsoap.org/soap/envelope/" xmlns:scn2="http://scn2.wp6.thalesgroup.choreos.ow2.org/">
   <soapenv:Header/>
   <soapenv:Body>
      <scn2:reportPassengersPassedThroughResponse/>
   </soapenv:Body>
</soapenv:Envelope>]]></responseContent>
        <wsaConfig mustUnderstand="NONE" version="200508" action="http://scn2.wp6.thalesgroup.choreos.ow2.org/IAirport/reportPassengersPassedThroughResponse"/>
      </response>
      <dispatchConfig/>
    </mockOperation>
    <mockOperation name="requestAmenities" interface="AirportImplPortBinding" operation="requestAmenities">
      <settings/>
      <dispatchStyle>SEQUENCE</dispatchStyle>
      <defaultResponse><![CDATA[<soapenv:Envelope xmlns:soapenv="http://schemas.xmlsoap.org/soap/envelope/" xmlns:scn2="http://scn2.wp6.thalesgroup.choreos.ow2.org/">
   <soapenv:Header/>
   <soapenv:Body>
      <scn2:requestAmenitiesResponse/>
   </soapenv:Body>
</soapenv:Envelope>]]></defaultResponse>
      <response name="&lt;soapenv:Envelope xmlns:soapenv=&quot;http://schemas.xmlsoap.org/soap/envelope/&quot; xmlns:scn2=&quot;http://scn2.wp6.thalesgroup.choreos.ow2.org/&quot;>
   &lt;soapenv:Header/>
   &lt;soapenv:Body>
      &lt;scn2:requestAmenitiesResponse/>
   &lt;/soapenv:Body>
&lt;/soapenv:Envelope>" encoding="UTF-8">
        <settings/>
        <responseContent><![CDATA[<soapenv:Envelope xmlns:soapenv="http://schemas.xmlsoap.org/soap/envelope/" xmlns:scn2="http://scn2.wp6.thalesgroup.choreos.ow2.org/">
   <soapenv:Header/>
   <soapenv:Body>
      <scn2:requestAmenitiesResponse/>
   </soapenv:Body>
</soapenv:Envelope>]]></responseContent>
        <wsaConfig mustUnderstand="NONE" version="200508" action="http://scn2.wp6.thalesgroup.choreos.ow2.org/IAirport/requestAmenitiesResponse"/>
      </response>
      <dispatchConfig/>
    </mockOperation>
    <mockOperation name="sendRerouteWarning" interface="AirportImplPortBinding" operation="sendRerouteWarning">
      <settings/>
      <dispatchStyle>SEQUENCE</dispatchStyle>
      <defaultResponse><![CDATA[<soapenv:Envelope xmlns:soapenv="http://schemas.xmlsoap.org/soap/envelope/" xmlns:scn2="http://scn2.wp6.thalesgroup.choreos.ow2.org/">
   <soapenv:Header/>
   <soapenv:Body>
      <scn2:sendRerouteWarningResponse/>
   </soapenv:Body>
</soapenv:Envelope>]]></defaultResponse>
      <response name="&lt;soapenv:Envelope xmlns:soapenv=&quot;http://schemas.xmlsoap.org/soap/envelope/&quot; xmlns:scn2=&quot;http://scn2.wp6.thalesgroup.choreos.ow2.org/&quot;>
   &lt;soapenv:Header/>
   &lt;soapenv:Body>
      &lt;scn2:sendRerouteWarningResponse/>
   &lt;/soapenv:Body>
&lt;/soapenv:Envelope>" encoding="UTF-8">
        <settings/>
        <responseContent><![CDATA[<soapenv:Envelope xmlns:soapenv="http://schemas.xmlsoap.org/soap/envelope/" xmlns:scn2="http://scn2.wp6.thalesgroup.choreos.ow2.org/">
   <soapenv:Header/>
   <soapenv:Body>
      <scn2:sendRerouteWarningResponse/>
   </soapenv:Body>
</soapenv:Envelope>]]></responseContent>
        <wsaConfig mustUnderstand="NONE" version="200508" action="http://scn2.wp6.thalesgroup.choreos.ow2.org/IAirport/sendRerouteWarningResponse"/>
      </response>
      <dispatchConfig/>
    </mockOperation>
    <mockOperation name="setInvocationAddress" interface="AirportImplPortBinding" operation="setInvocationAddress">
      <settings/>
      <dispatchStyle>SEQUENCE</dispatchStyle>
      <defaultResponse><![CDATA[<soapenv:Envelope xmlns:soapenv="http://schemas.xmlsoap.org/soap/envelope/" xmlns:scn2="http://scn2.wp6.thalesgroup.choreos.ow2.org/">
   <soapenv:Header/>
   <soapenv:Body>
      <scn2:setInvocationAddressResponse/>
   </soapenv:Body>
</soapenv:Envelope>]]></defaultResponse>
      <response name="&lt;soapenv:Envelope xmlns:soapenv=&quot;http://schemas.xmlsoap.org/soap/envelope/&quot; xmlns:scn2=&quot;http://scn2.wp6.thalesgroup.choreos.ow2.org/&quot;>
   &lt;soapenv:Header/>
   &lt;soapenv:Body>
      &lt;scn2:setInvocationAddressResponse/>
   &lt;/soapenv:Body>
&lt;/soapenv:Envelope>" encoding="UTF-8">
        <settings/>
        <responseContent><![CDATA[<soapenv:Envelope xmlns:soapenv="http://schemas.xmlsoap.org/soap/envelope/" xmlns:scn2="http://scn2.wp6.thalesgroup.choreos.ow2.org/">
   <soapenv:Header/>
   <soapenv:Body>
      <scn2:setInvocationAddressResponse/>
   </soapenv:Body>
</soapenv:Envelope>]]></responseContent>
        <wsaConfig mustUnderstand="NONE" version="200508" action="http://scn2.wp6.thalesgroup.choreos.ow2.org/IAirport/setInvocationAddressResponse"/>
      </response>
      <dispatchConfig/>
    </mockOperation>
    <properties/>
  </mockService>
  <mockService port="8080" path="/BusCompany" host="mbp-di-daniele.amministrazione.unicam" name="BusCompany mock service">
    <settings>
      <setting id="com.eviware.soapui.impl.wsdl.mock.WsdlMockService@require-soap-action">false</setting>
    </settings>
    <mockOperation name="bookAmenities" interface="AirportBusCompanyImplPortBinding" operation="bookAmenities">
      <settings/>
      <dispatchStyle>SEQUENCE</dispatchStyle>
      <defaultResponse><![CDATA[<soapenv:Envelope xmlns:soapenv="http://schemas.xmlsoap.org/soap/envelope/" xmlns:scn2="http://scn2.wp6.thalesgroup.choreos.ow2.org/">
   <soapenv:Header/>
   <soapenv:Body>
      <scn2:bookAmenitiesResponse/>
   </soapenv:Body>
</soapenv:Envelope>]]></defaultResponse>
      <response name="&lt;soapenv:Envelope xmlns:soapenv=&quot;http://schemas.xmlsoap.org/soap/envelope/&quot; xmlns:scn2=&quot;http://scn2.wp6.thalesgroup.choreos.ow2.org/&quot;>
   &lt;soapenv:Header/>
   &lt;soapenv:Body>
      &lt;scn2:bookAmenitiesResponse/>
   &lt;/soapenv:Body>
&lt;/soapenv:Envelope>" encoding="UTF-8">
        <settings/>
        <responseContent><![CDATA[<soapenv:Envelope xmlns:soapenv="http://schemas.xmlsoap.org/soap/envelope/" xmlns:scn2="http://scn2.wp6.thalesgroup.choreos.ow2.org/">
   <soapenv:Header/>
   <soapenv:Body>
      <scn2:bookAmenitiesResponse/>
   </soapenv:Body>
</soapenv:Envelope>]]></responseContent>
        <wsaConfig mustUnderstand="NONE" version="200508" action="http://scn2.wp6.thalesgroup.choreos.ow2.org/IAirportBusCompany/bookAmenitiesResponse"/>
      </response>
      <dispatchConfig/>
    </mockOperation>
    <mockOperation name="setInvocationAddress" interface="AirportBusCompanyImplPortBinding" operation="setInvocationAddress">
      <settings/>
      <dispatchStyle>SEQUENCE</dispatchStyle>
      <defaultResponse><![CDATA[<soapenv:Envelope xmlns:soapenv="http://schemas.xmlsoap.org/soap/envelope/" xmlns:scn2="http://scn2.wp6.thalesgroup.choreos.ow2.org/">
   <soapenv:Header/>
   <soapenv:Body>
      <scn2:setInvocationAddressResponse/>
   </soapenv:Body>
</soapenv:Envelope>]]></defaultResponse>
      <response name="&lt;soapenv:Envelope xmlns:soapenv=&quot;http://schemas.xmlsoap.org/soap/envelope/&quot; xmlns:scn2=&quot;http://scn2.wp6.thalesgroup.choreos.ow2.org/&quot;>
   &lt;soapenv:Header/>
   &lt;soapenv:Body>
      &lt;scn2:setInvocationAddressResponse/>
   &lt;/soapenv:Body>
&lt;/soapenv:Envelope>" encoding="UTF-8">
        <settings/>
        <responseContent><![CDATA[<soapenv:Envelope xmlns:soapenv="http://schemas.xmlsoap.org/soap/envelope/" xmlns:scn2="http://scn2.wp6.thalesgroup.choreos.ow2.org/">
   <soapenv:Header/>
   <soapenv:Body>
      <scn2:setInvocationAddressResponse/>
   </soapenv:Body>
</soapenv:Envelope>]]></responseContent>
        <wsaConfig mustUnderstand="NONE" version="200508" action="http://scn2.wp6.thalesgroup.choreos.ow2.org/IAirportBusCompany/setInvocationAddressResponse"/>
      </response>
      <dispatchConfig/>
    </mockOperation>
    <mockOperation name="warnUnexpectedArrival" interface="AirportBusCompanyImplPortBinding" operation="warnUnexpectedArrival">
      <settings/>
      <dispatchStyle>SEQUENCE</dispatchStyle>
      <defaultResponse><![CDATA[<soapenv:Envelope xmlns:soapenv="http://schemas.xmlsoap.org/soap/envelope/" xmlns:scn2="http://scn2.wp6.thalesgroup.choreos.ow2.org/">
   <soapenv:Header/>
   <soapenv:Body>
      <scn2:warnUnexpectedArrivalResponse/>
   </soapenv:Body>
</soapenv:Envelope>]]></defaultResponse>
      <response name="&lt;soapenv:Envelope xmlns:soapenv=&quot;http://schemas.xmlsoap.org/soap/envelope/&quot; xmlns:scn2=&quot;http://scn2.wp6.thalesgroup.choreos.ow2.org/&quot;>
   &lt;soapenv:Header/>
   &lt;soapenv:Body>
      &lt;scn2:warnUnexpectedArrivalResponse/>
   &lt;/soapenv:Body>
&lt;/soapenv:Envelope>" encoding="UTF-8">
        <settings/>
        <responseContent><![CDATA[<soapenv:Envelope xmlns:soapenv="http://schemas.xmlsoap.org/soap/envelope/" xmlns:scn2="http://scn2.wp6.thalesgroup.choreos.ow2.org/">
   <soapenv:Header/>
   <soapenv:Body>
      <scn2:warnUnexpectedArrivalResponse/>
   </soapenv:Body>
</soapenv:Envelope>]]></responseContent>
        <wsaConfig mustUnderstand="NONE" version="200508" action="http://scn2.wp6.thalesgroup.choreos.ow2.org/IAirportBusCompany/warnUnexpectedArrivalResponse"/>
      </response>
      <dispatchConfig/>
    </mockOperation>
    <properties/>
  </mockService>
  <mockService port="8080" path="/SecurityCompany" host="mbp-di-daniele.amministrazione.unicam" name="SecurityCompany mock service">
    <settings>
      <setting id="com.eviware.soapui.impl.wsdl.mock.WsdlMockService@require-soap-action">false</setting>
    </settings>
    <mockOperation name="bookAmenities" interface="SecurityCompanyImplPortBinding" operation="bookAmenities">
      <settings/>
      <dispatchStyle>SEQUENCE</dispatchStyle>
      <defaultResponse><![CDATA[<soapenv:Envelope xmlns:soapenv="http://schemas.xmlsoap.org/soap/envelope/" xmlns:scn2="http://scn2.wp6.thalesgroup.choreos.ow2.org/">
   <soapenv:Header/>
   <soapenv:Body>
      <scn2:bookAmenitiesResponse/>
   </soapenv:Body>
</soapenv:Envelope>]]></defaultResponse>
      <response name="&lt;soapenv:Envelope xmlns:soapenv=&quot;http://schemas.xmlsoap.org/soap/envelope/&quot; xmlns:scn2=&quot;http://scn2.wp6.thalesgroup.choreos.ow2.org/&quot;>
   &lt;soapenv:Header/>
   &lt;soapenv:Body>
      &lt;scn2:bookAmenitiesResponse/>
   &lt;/soapenv:Body>
&lt;/soapenv:Envelope>" encoding="UTF-8">
        <settings/>
        <responseContent><![CDATA[<soapenv:Envelope xmlns:soapenv="http://schemas.xmlsoap.org/soap/envelope/" xmlns:scn2="http://scn2.wp6.thalesgroup.choreos.ow2.org/">
   <soapenv:Header/>
   <soapenv:Body>
      <scn2:bookAmenitiesResponse/>
   </soapenv:Body>
</soapenv:Envelope>]]></responseContent>
        <wsaConfig mustUnderstand="NONE" version="200508" action="http://scn2.wp6.thalesgroup.choreos.ow2.org/ISecurityCompany/bookAmenitiesResponse"/>
      </response>
      <dispatchConfig/>
    </mockOperation>
    <mockOperation name="setInvocationAddress" interface="SecurityCompanyImplPortBinding" operation="setInvocationAddress">
      <settings/>
      <dispatchStyle>SEQUENCE</dispatchStyle>
      <defaultResponse><![CDATA[<soapenv:Envelope xmlns:soapenv="http://schemas.xmlsoap.org/soap/envelope/" xmlns:scn2="http://scn2.wp6.thalesgroup.choreos.ow2.org/">
   <soapenv:Header/>
   <soapenv:Body>
      <scn2:setInvocationAddressResponse/>
   </soapenv:Body>
</soapenv:Envelope>]]></defaultResponse>
      <response name="&lt;soapenv:Envelope xmlns:soapenv=&quot;http://schemas.xmlsoap.org/soap/envelope/&quot; xmlns:scn2=&quot;http://scn2.wp6.thalesgroup.choreos.ow2.org/&quot;>
   &lt;soapenv:Header/>
   &lt;soapenv:Body>
      &lt;scn2:setInvocationAddressResponse/>
   &lt;/soapenv:Body>
&lt;/soapenv:Envelope>" encoding="UTF-8">
        <settings/>
        <responseContent><![CDATA[<soapenv:Envelope xmlns:soapenv="http://schemas.xmlsoap.org/soap/envelope/" xmlns:scn2="http://scn2.wp6.thalesgroup.choreos.ow2.org/">
   <soapenv:Header/>
   <soapenv:Body>
      <scn2:setInvocationAddressResponse/>
   </soapenv:Body>
</soapenv:Envelope>]]></responseContent>
        <wsaConfig mustUnderstand="NONE" version="200508" action="http://scn2.wp6.thalesgroup.choreos.ow2.org/ISecurityCompany/setInvocationAddressResponse"/>
      </response>
      <dispatchConfig/>
    </mockOperation>
    <mockOperation name="warnUnexpectedArrival" interface="SecurityCompanyImplPortBinding" operation="warnUnexpectedArrival">
      <settings/>
      <dispatchStyle>SEQUENCE</dispatchStyle>
      <defaultResponse><![CDATA[<soapenv:Envelope xmlns:soapenv="http://schemas.xmlsoap.org/soap/envelope/" xmlns:scn2="http://scn2.wp6.thalesgroup.choreos.ow2.org/">
   <soapenv:Header/>
   <soapenv:Body>
      <scn2:warnUnexpectedArrivalResponse/>
   </soapenv:Body>
</soapenv:Envelope>]]></defaultResponse>
      <response name="&lt;soapenv:Envelope xmlns:soapenv=&quot;http://schemas.xmlsoap.org/soap/envelope/&quot; xmlns:scn2=&quot;http://scn2.wp6.thalesgroup.choreos.ow2.org/&quot;>
   &lt;soapenv:Header/>
   &lt;soapenv:Body>
      &lt;scn2:warnUnexpectedArrivalResponse/>
   &lt;/soapenv:Body>
&lt;/soapenv:Envelope>" encoding="UTF-8">
        <settings/>
        <responseContent><![CDATA[<soapenv:Envelope xmlns:soapenv="http://schemas.xmlsoap.org/soap/envelope/" xmlns:scn2="http://scn2.wp6.thalesgroup.choreos.ow2.org/">
   <soapenv:Header/>
   <soapenv:Body>
      <scn2:warnUnexpectedArrivalResponse/>
   </soapenv:Body>
</soapenv:Envelope>]]></responseContent>
        <wsaConfig mustUnderstand="NONE" version="200508" action="http://scn2.wp6.thalesgroup.choreos.ow2.org/ISecurityCompany/warnUnexpectedArrivalResponse"/>
      </response>
      <dispatchConfig/>
    </mockOperation>
    <properties/>
  </mockService>
  <endpointStrategy xsi:type="con:DefaultEndpointStrategy" xmlns:con="http://eviware.com/soapui/config">
    <endpoint mode="COMPLEMENT">http://localhost:8004/airport</endpoint>
    <endpoint mode="COMPLEMENT">http://mbp-di-daniele.amministrazione.unicam:8080/Airport</endpoint>
    <endpoint mode="COMPLEMENT">http://localhost:8023/airportbuscompany</endpoint>
    <endpoint mode="COMPLEMENT">http://mbp-di-daniele.amministrazione.unicam:8080/BusCompany</endpoint>
    <endpoint mode="COMPLEMENT">http://localhost:8021/securitycompany</endpoint>
    <endpoint mode="COMPLEMENT">http://mbp-di-daniele.amministrazione.unicam:8080/SecurityCompany</endpoint>
  </endpointStrategy>
  <properties/>
  <wssContainer/>
</soapui-project>
